Using pre-set license
Built from '2021.1/staging' branch; Version is '2021.1.9f1 (7a790e367ab3) revision 8026382'; Using compiler version '192528614'; Build Type 'Release'
OS: 'Windows 10 Enterprise; OS build 19042.867; Version 2009; 64bit' Language: 'en' Physical Memory: 32603 MB
BatchMode: 1, IsHumanControllingUs: 0, StartBugReporterOnCrash: 0, Is64bit: 1, IsPro: 0

 COMMAND LINE ARGUMENTS:
C:\Program Files\Unity\Editor\Unity.exe
-adb2
-batchMode
-noUpm
-name
AssetImportWorker0
-projectPath
C:/Users/270030111/Lighting
-logFile
Logs/AssetImportWorker0.log
-srvPort
51657
Successfully changed project path to: C:/Users/270030111/Lighting
C:/Users/270030111/Lighting
Using Asset Import Pipeline V2.
Refreshing native plugins compatible for Editor in 69.35 ms, found 3 plugins.
Preloading 0 native plugins for Editor in 0.00 ms.
Initialize engine version: 2021.1.9f1 (7a790e367ab3)
[Subsystems] Discovering subsystems at path C:/Program Files/Unity/Editor/Data/Resources/UnitySubsystems
[Subsystems] Discovering subsystems at path C:/Users/270030111/Lighting/Assets
GfxDevice: creating device client; threaded=0; jobified=0
Direct3D:
    Version:  Direct3D 11.0 [level 11.1]
    Renderer: NVIDIA GeForce GTX 1080 (ID=0x1b80)
    Vendor:   NVIDIA
    VRAM:     8079 MB
    Driver:   27.21.14.6089
Initialize mono
Mono path[0] = 'C:/Program Files/Unity/Editor/Data/Managed'
Mono path[1] = 'C:/Program Files/Unity/Editor/Data/MonoBleedingEdge/lib/mono/unityjit'
Mono config path = 'C:/Program Files/Unity/Editor/Data/MonoBleedingEdge/etc'
Using monoOptions --debugger-agent=transport=dt_socket,embedding=1,server=y,suspend=n,address=127.0.0.1:56636
Begin MonoManager ReloadAssembly
Registering precompiled unity dll's ...
Register platform support module: C:/Program Files/Unity/Editor/Data/PlaybackEngines/WebGLSupport/UnityEditor.WebGL.Extensions.dll
Register platform support module: C:/Program Files/Unity/Editor/Data/PlaybackEngines/MacStandaloneSupport/UnityEditor.OSXStandalone.Extensions.dll
Register platform support module: C:/Program Files/Unity/Editor/Data/PlaybackEngines/WindowsStandaloneSupport/UnityEditor.WindowsStandalone.Extensions.dll
Register platform support module: C:/Program Files/Unity/Editor/Data/PlaybackEngines/LinuxStandaloneSupport/UnityEditor.LinuxStandalone.Extensions.dll
Registered in 0.002120 seconds.
Native extension for LinuxStandalone target not found
Native extension for WindowsStandalone target not found
Native extension for OSXStandalone target not found
Native extension for WebGL target not found
Refreshing native plugins compatible for Editor in 69.88 ms, found 3 plugins.
Preloading 0 native plugins for Editor in 0.00 ms.
Mono: successfully reloaded assembly
- Completed reload, in  1.129 seconds
Domain Reload Profiling:
	ReloadAssembly (1129ms)
		BeginReloadAssembly (45ms)
			ExecutionOrderSort (0ms)
			DisableScriptedObjects (0ms)
			BackupInstance (0ms)
			ReleaseScriptingObjects (0ms)
			CreateAndSetChildDomain (1ms)
		EndReloadAssembly (415ms)
			LoadAssemblies (44ms)
			RebuildTransferFunctionScriptingTraits (0ms)
			SetupTypeCache (155ms)
			ReleaseScriptCaches (0ms)
			RebuildScriptCaches (27ms)
			SetupLoadedEditorAssemblies (193ms)
				LogAssemblyErrors (0ms)
				InitializePlatformSupportModulesInManaged (8ms)
				SetLoadedEditorAssemblies (0ms)
				RefreshPlugins (70ms)
				BeforeProcessingInitializeOnLoad (1ms)
				ProcessInitializeOnLoadAttributes (88ms)
				ProcessInitializeOnLoadMethodAttributes (26ms)
				AfterProcessingInitializeOnLoad (0ms)
				EditorAssembliesLoaded (0ms)
			ExecutionOrderSort2 (0ms)
			AwakeInstancesAfterBackupRestoration (0ms)
Platform modules already initialized, skipping
Registering precompiled user dll's ...
Registered in 0.004687 seconds.
Begin MonoManager ReloadAssembly
Symbol file LoadedFromMemory doesn't match image C:\Users\270030111\Lighting\Library\PackageCache\com.unity.visualscripting@1.6.1\Editor\VisualScripting.Core\Dependencies\YamlDotNet\Unity.VisualScripting.YamlDotNet.dll
Symbol file LoadedFromMemory doesn't match image C:\Users\270030111\Lighting\Library\PackageCache\com.unity.visualscripting@1.6.1\Editor\VisualScripting.Core\Dependencies\DotNetZip\Unity.VisualScripting.IonicZip.dll
Native extension for LinuxStandalone target not found
Native extension for WindowsStandalone target not found
Native extension for OSXStandalone target not found
Native extension for WebGL target not found
Refreshing native plugins compatible for Editor in 0.52 ms, found 3 plugins.
Preloading 0 native plugins for Editor in 0.00 ms.
Mono: successfully reloaded assembly
- Completed reload, in  0.965 seconds
Domain Reload Profiling:
	ReloadAssembly (965ms)
		BeginReloadAssembly (129ms)
			ExecutionOrderSort (0ms)
			DisableScriptedObjects (4ms)
			BackupInstance (0ms)
			ReleaseScriptingObjects (0ms)
			CreateAndSetChildDomain (18ms)
		EndReloadAssembly (785ms)
			LoadAssemblies (72ms)
			RebuildTransferFunctionScriptingTraits (0ms)
			SetupTypeCache (304ms)
			ReleaseScriptCaches (0ms)
			RebuildScriptCaches (51ms)
			SetupLoadedEditorAssemblies (271ms)
				LogAssemblyErrors (0ms)
				InitializePlatformSupportModulesInManaged (7ms)
				SetLoadedEditorAssemblies (0ms)
				RefreshPlugins (1ms)
				BeforeProcessingInitializeOnLoad (61ms)
				ProcessInitializeOnLoadAttributes (194ms)
				ProcessInitializeOnLoadMethodAttributes (4ms)
				AfterProcessingInitializeOnLoad (4ms)
				EditorAssembliesLoaded (0ms)
			ExecutionOrderSort2 (0ms)
			AwakeInstancesAfterBackupRestoration (6ms)
Platform modules already initialized, skipping
========================================================================
Worker process is ready to serve import requests
Launched and connected shader compiler UnityShaderCompiler.exe after 0.03 seconds
Refreshing native plugins compatible for Editor in 0.48 ms, found 3 plugins.
Preloading 0 native plugins for Editor in 0.00 ms.
Unloading 2937 Unused Serialized files (Serialized files now loaded: 0)
System memory in use before: 105.5 MB.
System memory in use after: 105.7 MB.

Unloading 23 unused Assets to reduce memory usage. Loaded Objects now: 3381.
Total: 2.022600 ms (FindLiveObjects: 0.206100 ms CreateObjectMapping: 0.094100 ms MarkObjects: 1.661400 ms  DeleteObjects: 0.060600 ms)

AssetImportParameters requested are different than current active one (requested -> active):
  custom:framework-win-MediaFoundation: 216162199b28c13a410421893ffa2e32 -> 
  custom:video-decoder-ogg-theora: a1e56fd34408186e4bbccfd4996cb3dc -> 
  custom:container-muxer-webm: aa71ff27fc2769a1b78a27578f13a17b -> 
  custom:container-demuxer-webm: 4f35f7cbe854078d1ac9338744f61a02 -> 
  custom:container-demuxer-ogg: 62fdf1f143b41e24485cea50d1cbac27 -> 
  custom:video-encoder-webm-vp8: eb34c28f22e8b96e1ab97ce403110664 -> 
  custom:video-decoder-webm-vp8: 9c59270c3fd7afecdb556c50c9e8de78 -> 
  custom:audio-decoder-ogg-vorbis: bf7c407c2cedff20999df2af8eb42d56 -> 
  custom:audio-encoder-webm-vorbis: bf7c407c2cedff20999df2af8eb42d56 -> 
========================================================================
Received Import Request.
  path: Assets/Material/Material.mat
  artifactKey: Guid(dbc630ba5eae246488a04e4e43916534) Importer(815301076,1909f56bfc062723c751e8b465ee728b)
Start importing Assets/Material/Material.mat using Guid(dbc630ba5eae246488a04e4e43916534) Importer(815301076,1909f56bfc062723c751e8b465ee728b)  -> (artifact id: '5b8b60eb7ab0244f9e2b1d3c95a7e4cb') in 0.088665 seconds 
========================================================================
Received Import Request.
  Time since last request: 521.810851 seconds.
  path: Assets/Material/hdri-environment-map-round-panorama-260nw-1803251278.jpg
  artifactKey: Guid(bb601a0345156424bb7ba021c31c35c3) Importer(815301076,1909f56bfc062723c751e8b465ee728b)
Start importing Assets/Material/hdri-environment-map-round-panorama-260nw-1803251278.jpg using Guid(bb601a0345156424bb7ba021c31c35c3) Importer(815301076,1909f56bfc062723c751e8b465ee728b)  -> (artifact id: 'f35301734caafd461fda15ddd54b599a') in 0.023442 seconds 
========================================================================
Received Import Request.
  Time since last request: 233.618024 seconds.
  path: Assets/Material/HDR_029_Sky_Cloudy_Env.hdr
  artifactKey: Guid(3e47162a379af7e48947b3309b85f2a6) Importer(815301076,1909f56bfc062723c751e8b465ee728b)
Start importing Assets/Material/HDR_029_Sky_Cloudy_Env.hdr using Guid(3e47162a379af7e48947b3309b85f2a6) Importer(815301076,1909f56bfc062723c751e8b465ee728b)  -> (artifact id: '7ec446ee65379e75c29afb4d4aeb1d6b') in 0.020334 seconds 
========================================================================
Received Import Request.
  Time since last request: 99.769123 seconds.
  path: Assets/Material
  artifactKey: Guid(02eb96c00a5365449bef1a104c11efad) Importer(815301076,1909f56bfc062723c751e8b465ee728b)
Start importing Assets/Material using Guid(02eb96c00a5365449bef1a104c11efad) Importer(815301076,1909f56bfc062723c751e8b465ee728b)  -> (artifact id: '85f535ed3f00948616709372cc4cbe78') in 0.001327 seconds 
========================================================================
Received Import Request.
  Time since last request: 17.241922 seconds.
  path: Assets/Material/Skybox 2.mat
  artifactKey: Guid(645083e57657d4f4495ed02f44dccd04) Importer(815301076,1909f56bfc062723c751e8b465ee728b)
Start importing Assets/Material/Skybox 2.mat using Guid(645083e57657d4f4495ed02f44dccd04) Importer(815301076,1909f56bfc062723c751e8b465ee728b)  -> (artifact id: 'e1e481aa5ff28d48051138df8612253b') in 0.014445 seconds 
========================================================================
Received Import Request.
  Time since last request: 191.114541 seconds.
  path: Assets/Material/HDR_029_Sky_Cloudy_Env.hdr
  artifactKey: Guid(3e47162a379af7e48947b3309b85f2a6) Importer(815301076,1909f56bfc062723c751e8b465ee728b)
Start importing Assets/Material/HDR_029_Sky_Cloudy_Env.hdr using Guid(3e47162a379af7e48947b3309b85f2a6) Importer(815301076,1909f56bfc062723c751e8b465ee728b)  -> (artifact id: 'f02fbe75a835aadbecad0a91c5f65c64') in 0.020689 seconds 
========================================================================
Received Import Request.
  Time since last request: 15.655980 seconds.
  path: Assets/Material/Skybox.mat
  artifactKey: Guid(a2d4afc3422ae5c4886a0991b9e1dd41) Importer(815301076,1909f56bfc062723c751e8b465ee728b)
Start importing Assets/Material/Skybox.mat using Guid(a2d4afc3422ae5c4886a0991b9e1dd41) Importer(815301076,1909f56bfc062723c751e8b465ee728b)  -> (artifact id: '5da3605f7f4d0ae369482667d9134e68') in 0.013665 seconds 
========================================================================
Received Import Request.
  Time since last request: 137.499719 seconds.
  path: Assets/Material/HDR_029_Sky_Cloudy_Bg.jpg
  artifactKey: Guid(4fd3fb84622e5e740924b092d0a7cd26) Importer(815301076,1909f56bfc062723c751e8b465ee728b)
Start importing Assets/Material/HDR_029_Sky_Cloudy_Bg.jpg using Guid(4fd3fb84622e5e740924b092d0a7cd26) Importer(815301076,1909f56bfc062723c751e8b465ee728b)  -> (artifact id: '56d79e0daee088b53ade9f9ad0bf38fe') in 0.010500 seconds 
========================================================================
Received Import Request.
  Time since last request: 10.212902 seconds.
  path: Assets/Material/HDR_029_Sky_Cloudy_Bg.jpg
  artifactKey: Guid(4fd3fb84622e5e740924b092d0a7cd26) Importer(815301076,1909f56bfc062723c751e8b465ee728b)
Start importing Assets/Material/HDR_029_Sky_Cloudy_Bg.jpg using Guid(4fd3fb84622e5e740924b092d0a7cd26) Importer(815301076,1909f56bfc062723c751e8b465ee728b)  -> (artifact id: '1f4aa952dad38e676a8debab208ba49e') in 0.037453 seconds 
========================================================================
Received Import Request.
  Time since last request: 89.876871 seconds.
  path: Assets/Material/HDR_029_Sky_Cloudy_Ref.hdr
  artifactKey: Guid(4d08114cb0aed184bbd3be1b255e2927) Importer(815301076,1909f56bfc062723c751e8b465ee728b)
Start importing Assets/Material/HDR_029_Sky_Cloudy_Ref.hdr using Guid(4d08114cb0aed184bbd3be1b255e2927) Importer(815301076,1909f56bfc062723c751e8b465ee728b)  -> (artifact id: 'b839163b53f1b2bfa4e61b9f9698349d') in 0.016680 seconds 
========================================================================
Received Import Request.
  Time since last request: 19.231244 seconds.
  path: Assets/Material/HDR_029_Sky_Cloudy_Ref.hdr
  artifactKey: Guid(4d08114cb0aed184bbd3be1b255e2927) Importer(815301076,1909f56bfc062723c751e8b465ee728b)
Start importing Assets/Material/HDR_029_Sky_Cloudy_Ref.hdr using Guid(4d08114cb0aed184bbd3be1b255e2927) Importer(815301076,1909f56bfc062723c751e8b465ee728b)  -> (artifact id: 'c31ca7046304c09b0a26f9f46f42a0ce') in 0.041297 seconds 
========================================================================
Received Import Request.
  Time since last request: 819.669013 seconds.
  path: Assets/Material/New Material.mat
  artifactKey: Guid(35ec7a2477299f94fb6e983964564fd0) Importer(815301076,1909f56bfc062723c751e8b465ee728b)
Start importing Assets/Material/New Material.mat using Guid(35ec7a2477299f94fb6e983964564fd0) Importer(815301076,1909f56bfc062723c751e8b465ee728b)  -> (artifact id: 'f07b711e15afa4c1a64dc4f4afa96328') in 0.007790 seconds 
========================================================================
Received Import Request.
  Time since last request: 8.150643 seconds.
  path: Assets/Material/Red.mat
  artifactKey: Guid(cef8eda6b034c3b49b7384ca839331b5) Importer(815301076,1909f56bfc062723c751e8b465ee728b)
Start importing Assets/Material/Red.mat using Guid(cef8eda6b034c3b49b7384ca839331b5) Importer(815301076,1909f56bfc062723c751e8b465ee728b)  -> (artifact id: '4bf6d16bcebd40c6b755f109912215e0') in 0.006394 seconds 
========================================================================
Received Import Request.
  Time since last request: 4.483116 seconds.
  path: Assets/Material/Green.mat
  artifactKey: Guid(35ec7a2477299f94fb6e983964564fd0) Importer(815301076,1909f56bfc062723c751e8b465ee728b)
Start importing Assets/Material/Green.mat using Guid(35ec7a2477299f94fb6e983964564fd0) Importer(815301076,1909f56bfc062723c751e8b465ee728b)  -> (artifact id: 'a6b954237ba406da95d0c7000502ce65') in 0.006499 seconds 
========================================================================
Received Import Request.
  Time since last request: 1617.271203 seconds.
  path: Assets/Material/Blue.mat
  artifactKey: Guid(aae58007fe9b0fc4ca8ed3faa09eee5b) Importer(815301076,1909f56bfc062723c751e8b465ee728b)
Start importing Assets/Material/Blue.mat using Guid(aae58007fe9b0fc4ca8ed3faa09eee5b) Importer(815301076,1909f56bfc062723c751e8b465ee728b)  -> (artifact id: '56ecbd68c24f8e3a2738d059f1125614') in 0.007353 seconds 
========================================================================
Received Import Request.
  Time since last request: 80.519615 seconds.
  path: Assets/Material/Blue.mat
  artifactKey: Guid(aae58007fe9b0fc4ca8ed3faa09eee5b) Importer(815301076,1909f56bfc062723c751e8b465ee728b)
Start importing Assets/Material/Blue.mat using Guid(aae58007fe9b0fc4ca8ed3faa09eee5b) Importer(815301076,1909f56bfc062723c751e8b465ee728b)  -> (artifact id: 'ec2e9cb4ad563c6daefff394f9df95c6') in 0.014811 seconds 
========================================================================
Received Import Request.
  Time since last request: 0.000146 seconds.
  path: Assets/Material/Skybox.mat
  artifactKey: Guid(a2d4afc3422ae5c4886a0991b9e1dd41) Importer(815301076,1909f56bfc062723c751e8b465ee728b)
Start importing Assets/Material/Skybox.mat using Guid(a2d4afc3422ae5c4886a0991b9e1dd41) Importer(815301076,1909f56bfc062723c751e8b465ee728b)  -> (artifact id: 'a7f9c222a8bfb9ae546ac5bb858873e5') in 0.007573 seconds 
========================================================================
Received Import Request.
  Time since last request: 0.000186 seconds.
  path: Assets/Material/Material.mat
  artifactKey: Guid(dbc630ba5eae246488a04e4e43916534) Importer(815301076,1909f56bfc062723c751e8b465ee728b)
Start importing Assets/Material/Material.mat using Guid(dbc630ba5eae246488a04e4e43916534) Importer(815301076,1909f56bfc062723c751e8b465ee728b)  -> (artifact id: '9ce770a70b2001ca47725aeb9e1f18b5') in 0.011468 seconds 
========================================================================
Received Import Request.
  Time since last request: 0.000128 seconds.
  path: Assets/Material/Green.mat
  artifactKey: Guid(35ec7a2477299f94fb6e983964564fd0) Importer(815301076,1909f56bfc062723c751e8b465ee728b)
Start importing Assets/Material/Green.mat using Guid(35ec7a2477299f94fb6e983964564fd0) Importer(815301076,1909f56bfc062723c751e8b465ee728b)  -> (artifact id: 'e2c14b0aa5f47ab0c9b639d498c2a75c') in 0.009023 seconds 
========================================================================
Received Import Request.
  Time since last request: 0.000215 seconds.
  path: Assets/Material/Skybox 2.mat
  artifactKey: Guid(645083e57657d4f4495ed02f44dccd04) Importer(815301076,1909f56bfc062723c751e8b465ee728b)
Start importing Assets/Material/Skybox 2.mat using Guid(645083e57657d4f4495ed02f44dccd04) Importer(815301076,1909f56bfc062723c751e8b465ee728b)  -> (artifact id: '2b4969cd88bad75a064026c1eeca7074') in 0.041069 seconds 
========================================================================
Received Import Request.
  Time since last request: 5.543289 seconds.
  path: Assets/Material/Red.mat
  artifactKey: Guid(cef8eda6b034c3b49b7384ca839331b5) Importer(815301076,1909f56bfc062723c751e8b465ee728b)
Start importing Assets/Material/Red.mat using Guid(cef8eda6b034c3b49b7384ca839331b5) Importer(815301076,1909f56bfc062723c751e8b465ee728b)  -> (artifact id: '0fb4d9c2a36973f59cf35072420fc5f0') in 0.005628 seconds 
========================================================================
Received Import Request.
  Time since last request: 334.765081 seconds.
  path: Assets/Material/Blue.mat
  artifactKey: Guid(aae58007fe9b0fc4ca8ed3faa09eee5b) Importer(815301076,1909f56bfc062723c751e8b465ee728b)
Start importing Assets/Material/Blue.mat using Guid(aae58007fe9b0fc4ca8ed3faa09eee5b) Importer(815301076,1909f56bfc062723c751e8b465ee728b)  -> (artifact id: '6abc76d9528d6a9271ef8ce065d58ea8') in 0.008425 seconds 
========================================================================
Received Import Request.
  Time since last request: 387.407566 seconds.
  path: Assets/Material/Emission.mat
  artifactKey: Guid(aae58007fe9b0fc4ca8ed3faa09eee5b) Importer(815301076,1909f56bfc062723c751e8b465ee728b)
Start importing Assets/Material/Emission.mat using Guid(aae58007fe9b0fc4ca8ed3faa09eee5b) Importer(815301076,1909f56bfc062723c751e8b465ee728b)  -> (artifact id: '5508414eebc4e5b79aa7081d938b5f87') in 0.006346 seconds 
========================================================================
Received Import Request.
  Time since last request: 22.787171 seconds.
  path: Assets/Material/Emission.mat
  artifactKey: Guid(aae58007fe9b0fc4ca8ed3faa09eee5b) Importer(815301076,1909f56bfc062723c751e8b465ee728b)
Start importing Assets/Material/Emission.mat using Guid(aae58007fe9b0fc4ca8ed3faa09eee5b) Importer(815301076,1909f56bfc062723c751e8b465ee728b)  -> (artifact id: '29a7cd988dd451c380a9be273633bd4b') in 0.005919 seconds 
========================================================================
Received Import Request.
  Time since last request: 149.781292 seconds.
  path: Assets/Material/Emission.mat
  artifactKey: Guid(aae58007fe9b0fc4ca8ed3faa09eee5b) Importer(815301076,1909f56bfc062723c751e8b465ee728b)
Start importing Assets/Material/Emission.mat using Guid(aae58007fe9b0fc4ca8ed3faa09eee5b) Importer(815301076,1909f56bfc062723c751e8b465ee728b)  -> (artifact id: '489b889f4d1d18273ff4db30b03b72ab') in 0.008676 seconds 
========================================================================
Received Import Request.
  Time since last request: 390.462752 seconds.
  path: Assets/Material/Emission.mat
  artifactKey: Guid(aae58007fe9b0fc4ca8ed3faa09eee5b) Importer(815301076,1909f56bfc062723c751e8b465ee728b)
Start importing Assets/Material/Emission.mat using Guid(aae58007fe9b0fc4ca8ed3faa09eee5b) Importer(815301076,1909f56bfc062723c751e8b465ee728b)  -> (artifact id: '725ee737dd475eba5935a85bb351bec3') in 0.006857 seconds 
========================================================================
Received Import Request.
  Time since last request: 92.434363 seconds.
  path: Assets/Material/Emission.mat
  artifactKey: Guid(aae58007fe9b0fc4ca8ed3faa09eee5b) Importer(815301076,1909f56bfc062723c751e8b465ee728b)
Start importing Assets/Material/Emission.mat using Guid(aae58007fe9b0fc4ca8ed3faa09eee5b) Importer(815301076,1909f56bfc062723c751e8b465ee728b)  -> (artifact id: '92442ce5486d5d74c7431039adc9fe11') in 0.008783 seconds 
========================================================================
Received Import Request.
  Time since last request: 198.070478 seconds.
  path: Assets/Material/Emission.mat
  artifactKey: Guid(aae58007fe9b0fc4ca8ed3faa09eee5b) Importer(815301076,1909f56bfc062723c751e8b465ee728b)
Start importing Assets/Material/Emission.mat using Guid(aae58007fe9b0fc4ca8ed3faa09eee5b) Importer(815301076,1909f56bfc062723c751e8b465ee728b)  -> (artifact id: '3c80da9a84572426c9b8309b73606b96') in 0.009172 seconds 
========================================================================
Received Import Request.
  Time since last request: 95.816406 seconds.
  path: Assets/Material/Emission.mat
  artifactKey: Guid(aae58007fe9b0fc4ca8ed3faa09eee5b) Importer(815301076,1909f56bfc062723c751e8b465ee728b)
Start importing Assets/Material/Emission.mat using Guid(aae58007fe9b0fc4ca8ed3faa09eee5b) Importer(815301076,1909f56bfc062723c751e8b465ee728b)  -> (artifact id: '59c6dde0da6e92c283e90fd0aa1aa194') in 0.007470 seconds 
========================================================================
Received Import Request.
  Time since last request: 218.771560 seconds.
  path: Assets/Material/White.mat
  artifactKey: Guid(24c33bfb7a7f5f4489ccccba17965f2f) Importer(815301076,1909f56bfc062723c751e8b465ee728b)
Start importing Assets/Material/White.mat using Guid(24c33bfb7a7f5f4489ccccba17965f2f) Importer(815301076,1909f56bfc062723c751e8b465ee728b)  -> (artifact id: '6f6cca9a45cedf66c745e1768810fcb6') in 0.014129 seconds 
========================================================================
Received Import Request.
  Time since last request: 87.907160 seconds.
  path: Assets/Material/Emission.mat
  artifactKey: Guid(aae58007fe9b0fc4ca8ed3faa09eee5b) Importer(815301076,1909f56bfc062723c751e8b465ee728b)
Start importing Assets/Material/Emission.mat using Guid(aae58007fe9b0fc4ca8ed3faa09eee5b) Importer(815301076,1909f56bfc062723c751e8b465ee728b)  -> (artifact id: '8a6946ce95aece736cb9189ea3d4570b') in 0.007242 seconds 
========================================================================
Received Import Request.
  Time since last request: 230.513162 seconds.
  path: Assets/Material/Emission.mat
  artifactKey: Guid(aae58007fe9b0fc4ca8ed3faa09eee5b) Importer(815301076,1909f56bfc062723c751e8b465ee728b)
Start importing Assets/Material/Emission.mat using Guid(aae58007fe9b0fc4ca8ed3faa09eee5b) Importer(815301076,1909f56bfc062723c751e8b465ee728b)  -> (artifact id: 'c5d35014e9f9a880d9004f62397d43af') in 0.005733 seconds 
========================================================================
Received Import Request.
  Time since last request: 0.000238 seconds.
  path: Assets/Material/Green.mat
  artifactKey: Guid(35ec7a2477299f94fb6e983964564fd0) Importer(815301076,1909f56bfc062723c751e8b465ee728b)
Start importing Assets/Material/Green.mat using Guid(35ec7a2477299f94fb6e983964564fd0) Importer(815301076,1909f56bfc062723c751e8b465ee728b)  -> (artifact id: '80a02375ef7ad5927e08c69929587d70') in 0.010361 seconds 
========================================================================
Received Import Request.
  Time since last request: 0.000258 seconds.
  path: Assets/Material/White.mat
  artifactKey: Guid(24c33bfb7a7f5f4489ccccba17965f2f) Importer(815301076,1909f56bfc062723c751e8b465ee728b)
Start importing Assets/Material/White.mat using Guid(24c33bfb7a7f5f4489ccccba17965f2f) Importer(815301076,1909f56bfc062723c751e8b465ee728b)  -> (artifact id: '9b7971418a13bda242dab6711b25d894') in 0.005648 seconds 
========================================================================
Received Import Request.
  Time since last request: 0.000175 seconds.
  path: Assets/Material/Red.mat
  artifactKey: Guid(cef8eda6b034c3b49b7384ca839331b5) Importer(815301076,1909f56bfc062723c751e8b465ee728b)
Start importing Assets/Material/Red.mat using Guid(cef8eda6b034c3b49b7384ca839331b5) Importer(815301076,1909f56bfc062723c751e8b465ee728b)  -> (artifact id: '819f086882001b9a519dd0542d8d5069') in 0.005204 seconds 
========================================================================
Received Import Request.
  Time since last request: 1979.225974 seconds.
  path: Assets/Material/Metal.mat
  artifactKey: Guid(11fb85273cffdde42a14cab733c528de) Importer(815301076,1909f56bfc062723c751e8b465ee728b)
Start importing Assets/Material/Metal.mat using Guid(11fb85273cffdde42a14cab733c528de) Importer(815301076,1909f56bfc062723c751e8b465ee728b)  -> (artifact id: '64c9a3712c2fdeb3ba92e3bea130b0b4') in 0.007035 seconds 
========================================================================
Received Import Request.
  Time since last request: 134.900491 seconds.
  path: Assets/Material/Metal.mat
  artifactKey: Guid(11fb85273cffdde42a14cab733c528de) Importer(815301076,1909f56bfc062723c751e8b465ee728b)
Start importing Assets/Material/Metal.mat using Guid(11fb85273cffdde42a14cab733c528de) Importer(815301076,1909f56bfc062723c751e8b465ee728b)  -> (artifact id: 'd6914eb056240a43f8d5370c24cab8c4') in 0.008058 seconds 
========================================================================
Received Prepare
Registering precompiled user dll's ...
Registered in 0.004458 seconds.
Begin MonoManager ReloadAssembly
Symbol file LoadedFromMemory doesn't match image C:\Users\270030111\Lighting\Library\PackageCache\com.unity.visualscripting@1.6.1\Editor\VisualScripting.Core\Dependencies\YamlDotNet\Unity.VisualScripting.YamlDotNet.dll
Symbol file LoadedFromMemory doesn't match image C:\Users\270030111\Lighting\Library\PackageCache\com.unity.visualscripting@1.6.1\Editor\VisualScripting.Core\Dependencies\DotNetZip\Unity.VisualScripting.IonicZip.dll
Native extension for LinuxStandalone target not found
Native extension for WindowsStandalone target not found
Native extension for OSXStandalone target not found
Native extension for WebGL target not found
Refreshing native plugins compatible for Editor in 0.50 ms, found 3 plugins.
Preloading 0 native plugins for Editor in 0.00 ms.
Mono: successfully reloaded assembly
- Completed reload, in  0.920 seconds
Domain Reload Profiling:
	ReloadAssembly (921ms)
		BeginReloadAssembly (99ms)
			ExecutionOrderSort (0ms)
			DisableScriptedObjects (4ms)
			BackupInstance (0ms)
			ReleaseScriptingObjects (0ms)
			CreateAndSetChildDomain (32ms)
		EndReloadAssembly (769ms)
			LoadAssemblies (71ms)
			RebuildTransferFunctionScriptingTraits (0ms)
			SetupTypeCache (298ms)
			ReleaseScriptCaches (1ms)
			RebuildScriptCaches (34ms)
			SetupLoadedEditorAssemblies (244ms)
				LogAssemblyErrors (0ms)
				InitializePlatformSupportModulesInManaged (7ms)
				SetLoadedEditorAssemblies (0ms)
				RefreshPlugins (1ms)
				BeforeProcessingInitializeOnLoad (43ms)
				ProcessInitializeOnLoadAttributes (185ms)
				ProcessInitializeOnLoadMethodAttributes (3ms)
				AfterProcessingInitializeOnLoad (5ms)
				EditorAssembliesLoaded (0ms)
			ExecutionOrderSort2 (0ms)
			AwakeInstancesAfterBackupRestoration (13ms)
Platform modules already initialized, skipping
Refreshing native plugins compatible for Editor in 0.45 ms, found 3 plugins.
Preloading 0 native plugins for Editor in 0.00 ms.
Unloading 2935 Unused Serialized files (Serialized files now loaded: 0)
System memory in use before: 160.9 MB.
System memory in use after: 161.1 MB.

Unloading 18 unused Assets to reduce memory usage. Loaded Objects now: 3530.
Total: 2.128200 ms (FindLiveObjects: 0.219700 ms CreateObjectMapping: 0.099000 ms MarkObjects: 1.763900 ms  DeleteObjects: 0.044600 ms)

AssetImportParameters requested are different than current active one (requested -> active):
  custom:framework-win-MediaFoundation: 216162199b28c13a410421893ffa2e32 -> 
  custom:video-decoder-ogg-theora: a1e56fd34408186e4bbccfd4996cb3dc -> 
  custom:container-muxer-webm: aa71ff27fc2769a1b78a27578f13a17b -> 
  custom:container-demuxer-webm: 4f35f7cbe854078d1ac9338744f61a02 -> 
  custom:container-demuxer-ogg: 62fdf1f143b41e24485cea50d1cbac27 -> 
  custom:video-encoder-webm-vp8: eb34c28f22e8b96e1ab97ce403110664 -> 
  custom:video-decoder-webm-vp8: 9c59270c3fd7afecdb556c50c9e8de78 -> 
  custom:audio-decoder-ogg-vorbis: bf7c407c2cedff20999df2af8eb42d56 -> 
  custom:audio-encoder-webm-vorbis: bf7c407c2cedff20999df2af8eb42d56 -> 
AssetImportWorkerClient::OnTransportError - code=2 error=End of file
